[7520][1562162523940][shared][info]["EventBus\\x7einitialize - Success"]
[7520][1562162523943][shared][info]["Messaging\\x7eboot - Success"]
[7520][1562162523949][shared][info]["Telemetry\\x7eboot - Success"]
[7520][1562162523950][shared][info]["bootConfigurations\\x7einitialize - Success"]
[7520][1562162523955][shared][info]["Settings\\x7eboot - Success"]
[7520][1562162523956][shared][info]["Migrations: Starting migrations"]
[7520][1562162523956][shared][info]["Migrations: Walking migration","0000_initial"]
[7520][1562162523957][shared][info]["Migrations: Walking migration","0001_add_archived_resources_table"]
[7520][1562162523957][shared][info]["Migrations: Walking migration","0002_add_variable_sessions_table"]
[7520][1562162523957][shared][info]["Migrations: Walking migration","0003_add_editor_tables"]
[7520][1562162523957][shared][info]["Migrations: Walking migration","0004_migrate_ws_session_data"]
[7520][1562162523957][shared][info]["Migrations: Walking migration","0005_cleanup_request_response_and_history_body"]
[7520][1562162523957][shared][info]["Migrations: Walking migration","0006_add_dbp_to_request_response_and_history"]
[7520][1562162523958][shared][info]["Migrations: Walking migration","0007_add_sync_client_buckets_by_order_id_table"]
[7520][1562162523958][shared][info]["Migrations: Walking migration","0008_migrate_to_sync_client_buckets_by_order_id"]
[7520][1562162523958][shared][info]["Migrations: Walking migration","0009_remove_sync_client_buckets_table"]
[7520][1562162523958][shared][info]["Migrations: Walking migration","0010_add_history_owner"]
[7520][1562162523958][shared][info]["Migrations: Walking migration","0011_add_history_response_table"]
[7520][1562162523959][shared][info]["Migrations: Walking migration","0012_add_user_data_table"]
[7520][1562162523959][shared][info]["Migrations: Walking migration","0013_sanitize_request_response_and_history_methods"]
[7520][1562162523959][shared][info]["Migrations: Walking migration","0014_sanitize_response_requestobject_rawmodedata"]
[7520][1562162523960][shared][info]["Migrations: Starting migration","0000_initial"]
[7520][1562162523960][shared][info]["Migrations: Setting context before starting migration","0000_initial",{"0000_initial":"started"}]
[7520][1562162523960][shared][info]["Migrations: Applying migration","0000_initial"]
[7520][1562162523960][shared][info]["Migrations: Upgrading IndexedDB to version","0000_initial",1]
[7520][1562162523962][shared][info]["Migrations: Adding pending commit to queue","0000_initial"]
[7520][1562162523962][shared][info]["Migrations: Starting migration","0001_add_archived_resources_table"]
[7520][1562162523962][shared][info]["Migrations: Setting context before starting migration","0001_add_archived_resources_table",{"0000_initial":"started","0001_add_archived_resources_table":"started"}]
[7520][1562162523963][shared][info]["Migrations: Applying migration","0001_add_archived_resources_table"]
[7520][1562162523963][shared][info]["Migrations: Upgrading IndexedDB to version","0001_add_archived_resources_table",2]
[7520][1562162523964][shared][info]["Migrations: Adding pending commit to queue","0001_add_archived_resources_table"]
[7520][1562162523965][shared][info]["Migrations: Starting migration","0002_add_variable_sessions_table"]
[7520][1562162523965][shared][info]["Migrations: Setting context before starting migration","0002_add_variable_sessions_table",{"0000_initial":"started","0001_add_archived_resources_table":"started","0002_add_variable_sessions_table":"started"}]
[7520][1562162523965][shared][info]["Migrations: Applying migration","0002_add_variable_sessions_table"]
[7520][1562162523966][shared][info]["Migrations: Upgrading IndexedDB to version","0002_add_variable_sessions_table",3]
[7520][1562162523967][shared][info]["Migrations: Adding pending commit to queue","0002_add_variable_sessions_table"]
[7520][1562162523967][shared][info]["Migrations: Starting migration","0003_add_editor_tables"]
[7520][1562162523967][shared][info]["Migrations: Setting context before starting migration","0003_add_editor_tables",{"0000_initial":"started","0001_add_archived_resources_table":"started","0002_add_variable_sessions_table":"started","0003_add_editor_tables":"started"}]
[7520][1562162523968][shared][info]["Migrations: Applying migration","0003_add_editor_tables"]
[7520][1562162523968][shared][info]["Migrations: Upgrading IndexedDB to version","0003_add_editor_tables",4]
[7520][1562162523969][shared][info]["Migrations: Adding pending commit to queue","0003_add_editor_tables"]
[7520][1562162523969][shared][info]["Migrations: Starting migration","0004_migrate_ws_session_data"]
[7520][1562162523969][shared][info]["Migrations: Flushing pending migrations for","0004_migrate_ws_session_data"]
[7520][1562162523970][shared][info]["Migrations: Flushing pending commit for type","IndexeddbSchemaMigration"]
[7520][1562162523970][shared][info]["Migrations: Committing IndexedDB upgrade"]
[7520][1562162524059][shared][info]["Migrations: Updating status in migration context",{"0000_initial":"started","0001_add_archived_resources_table":"started","0002_add_variable_sessions_table":"started","0003_add_editor_tables":"started"}]
[7520][1562162524060][shared][info]["Migrations: Updated status in migration context",{"0000_initial":"finished","0001_add_archived_resources_table":"finished","0002_add_variable_sessions_table":"finished","0003_add_editor_tables":"finished"}]
[7520][1562162524061][shared][info]["Migrations: Setting context before starting migration","0004_migrate_ws_session_data",{"0000_initial":"finished","0001_add_archived_resources_table":"finished","0002_add_variable_sessions_table":"finished","0003_add_editor_tables":"finished","0004_migrate_ws_session_data":"started"}]
[7520][1562162524061][shared][info]["Migrations: Applying migration","0004_migrate_ws_session_data"]
[7520][1562162524062][shared][info]["Migrations: Processing IndexedDB data migration","0004_migrate_ws_session_data"]
[7520][1562162524064][shared][info]["Migration\\x7eTabs: Starting migration"]
[7520][1562162524068][shared][info]["Migration\\x7eTabs: Completed transformation"]
[7520][1562162524068][shared][info]["Migration\\x7eTabs: Creating editors"]
[7520][1562162524070][shared][info]["Migration\\x7eTabs: Creating editor models"]
[7520][1562162524071][shared][info]["Migrations: Saving migration context after completion","0004_migrate_ws_session_data",{"0000_initial":"finished","0001_add_archived_resources_table":"finished","0002_add_variable_sessions_table":"finished","0003_add_editor_tables":"finished","0004_migrate_ws_session_data":"started"}]
[7520][1562162524072][shared][info]["Migrations: Starting migration","0005_cleanup_request_response_and_history_body"]
[7520][1562162524072][shared][info]["Migrations: Flushing pending migrations for","0005_cleanup_request_response_and_history_body"]
[7520][1562162524072][shared][info]["Migrations: Updating status in migration context",{"0000_initial":"finished","0001_add_archived_resources_table":"finished","0002_add_variable_sessions_table":"finished","0003_add_editor_tables":"finished","0004_migrate_ws_session_data":"finished"}]
[7520][1562162524073][shared][info]["Migrations: Updated status in migration context",{"0000_initial":"finished","0001_add_archived_resources_table":"finished","0002_add_variable_sessions_table":"finished","0003_add_editor_tables":"finished","0004_migrate_ws_session_data":"finished"}]
[7520][1562162524073][shared][info]["Migrations: Setting context before starting migration","0005_cleanup_request_response_and_history_body",{"0000_initial":"finished","0001_add_archived_resources_table":"finished","0002_add_variable_sessions_table":"finished","0003_add_editor_tables":"finished","0004_migrate_ws_session_data":"finished","0005_cleanup_request_response_and_history_body":"started"}]
[7520][1562162524074][shared][info]["Migrations: Applying migration","0005_cleanup_request_response_and_history_body"]
[7520][1562162524075][shared][info]["Migrations: Processing IndexedDB data migration","0005_cleanup_request_response_and_history_body"]
[7520][1562162524079][shared][info]["Migrations: Saving migration context after completion","0005_cleanup_request_response_and_history_body",{"0000_initial":"finished","0001_add_archived_resources_table":"finished","0002_add_variable_sessions_table":"finished","0003_add_editor_tables":"finished","0004_migrate_ws_session_data":"finished","0005_cleanup_request_response_and_history_body":"started"}]
[7520][1562162524080][shared][info]["Migrations: Starting migration","0006_add_dbp_to_request_response_and_history"]
[7520][1562162524080][shared][info]["Migrations: Flushing pending migrations for","0006_add_dbp_to_request_response_and_history"]
[7520][1562162524080][shared][info]["Migrations: Updating status in migration context",{"0000_initial":"finished","0001_add_archived_resources_table":"finished","0002_add_variable_sessions_table":"finished","0003_add_editor_tables":"finished","0004_migrate_ws_session_data":"finished","0005_cleanup_request_response_and_history_body":"finished"}]
[7520][1562162524081][shared][info]["Migrations: Updated status in migration context",{"0000_initial":"finished","0001_add_archived_resources_table":"finished","0002_add_variable_sessions_table":"finished","0003_add_editor_tables":"finished","0004_migrate_ws_session_data":"finished","0005_cleanup_request_response_and_history_body":"finished"}]
[7520][1562162524081][shared][info]["Migrations: Setting context before starting migration","0006_add_dbp_to_request_response_and_history",{"0000_initial":"finished","0001_add_archived_resources_table":"finished","0002_add_variable_sessions_table":"finished","0003_add_editor_tables":"finished","0004_migrate_ws_session_data":"finished","0005_cleanup_request_response_and_history_body":"finished","0006_add_dbp_to_request_response_and_history":"started"}]
[7520][1562162524082][shared][info]["Migrations: Applying migration","0006_add_dbp_to_request_response_and_history"]
[7520][1562162524082][shared][info]["Migrations: Processing IndexedDB data migration","0006_add_dbp_to_request_response_and_history"]
[7520][1562162524086][shared][info]["Migrations: Saving migration context after completion","0006_add_dbp_to_request_response_and_history",{"0000_initial":"finished","0001_add_archived_resources_table":"finished","0002_add_variable_sessions_table":"finished","0003_add_editor_tables":"finished","0004_migrate_ws_session_data":"finished","0005_cleanup_request_response_and_history_body":"finished","0006_add_dbp_to_request_response_and_history":"started"}]
[7520][1562162524087][shared][info]["Migrations: Starting migration","0007_add_sync_client_buckets_by_order_id_table"]
[7520][1562162524087][shared][info]["Migrations: Setting context before starting migration","0007_add_sync_client_buckets_by_order_id_table",{"0000_initial":"finished","0001_add_archived_resources_table":"finished","0002_add_variable_sessions_table":"finished","0003_add_editor_tables":"finished","0004_migrate_ws_session_data":"finished","0005_cleanup_request_response_and_history_body":"finished","0006_add_dbp_to_request_response_and_history":"finished","0007_add_sync_client_buckets_by_order_id_table":"started"}]
[7520][1562162524088][shared][info]["Migrations: Applying migration","0007_add_sync_client_buckets_by_order_id_table"]
[7520][1562162524088][shared][info]["Migrations: Upgrading IndexedDB to version","0007_add_sync_client_buckets_by_order_id_table",5]
[7520][1562162524089][shared][info]["Migrations: Adding pending commit to queue","0007_add_sync_client_buckets_by_order_id_table"]
[7520][1562162524090][shared][info]["Migrations: Starting migration","0008_migrate_to_sync_client_buckets_by_order_id"]
[7520][1562162524090][shared][info]["Migrations: Flushing pending migrations for","0008_migrate_to_sync_client_buckets_by_order_id"]
[7520][1562162524090][shared][info]["Migrations: Flushing pending commit for type","IndexeddbSchemaMigration"]
[7520][1562162524090][shared][info]["Migrations: Committing IndexedDB upgrade"]
[7520][1562162524096][shared][info]["Migrations: Updating status in migration context",{"0000_initial":"finished","0001_add_archived_resources_table":"finished","0002_add_variable_sessions_table":"finished","0003_add_editor_tables":"finished","0004_migrate_ws_session_data":"finished","0005_cleanup_request_response_and_history_body":"finished","0006_add_dbp_to_request_response_and_history":"finished","0007_add_sync_client_buckets_by_order_id_table":"started"}]
[7520][1562162524097][shared][info]["Migrations: Updated status in migration context",{"0000_initial":"finished","0001_add_archived_resources_table":"finished","0002_add_variable_sessions_table":"finished","0003_add_editor_tables":"finished","0004_migrate_ws_session_data":"finished","0005_cleanup_request_response_and_history_body":"finished","0006_add_dbp_to_request_response_and_history":"finished","0007_add_sync_client_buckets_by_order_id_table":"finished"}]
[7520][1562162524097][shared][info]["Migrations: Setting context before starting migration","0008_migrate_to_sync_client_buckets_by_order_id",{"0000_initial":"finished","0001_add_archived_resources_table":"finished","0002_add_variable_sessions_table":"finished","0003_add_editor_tables":"finished","0004_migrate_ws_session_data":"finished","0005_cleanup_request_response_and_history_body":"finished","0006_add_dbp_to_request_response_and_history":"finished","0007_add_sync_client_buckets_by_order_id_table":"finished","0008_migrate_to_sync_client_buckets_by_order_id":"started"}]
[7520][1562162524098][shared][info]["Migrations: Applying migration","0008_migrate_to_sync_client_buckets_by_order_id"]
[7520][1562162524099][shared][info]["Migrations: Processing IndexedDB data migration","0008_migrate_to_sync_client_buckets_by_order_id"]
[7520][1562162524102][shared][info]["Migrations: Saving migration context after completion","0008_migrate_to_sync_client_buckets_by_order_id",{"0000_initial":"finished","0001_add_archived_resources_table":"finished","0002_add_variable_sessions_table":"finished","0003_add_editor_tables":"finished","0004_migrate_ws_session_data":"finished","0005_cleanup_request_response_and_history_body":"finished","0006_add_dbp_to_request_response_and_history":"finished","0007_add_sync_client_buckets_by_order_id_table":"finished","0008_migrate_to_sync_client_buckets_by_order_id":"started"}]
[7520][1562162524103][shared][info]["Migrations: Starting migration","0009_remove_sync_client_buckets_table"]
[7520][1562162524103][shared][info]["Migrations: Setting context before starting migration","0009_remove_sync_client_buckets_table",{"0000_initial":"finished","0001_add_archived_resources_table":"finished","0002_add_variable_sessions_table":"finished","0003_add_editor_tables":"finished","0004_migrate_ws_session_data":"finished","0005_cleanup_request_response_and_history_body":"finished","0006_add_dbp_to_request_response_and_history":"finished","0007_add_sync_client_buckets_by_order_id_table":"finished","0008_migrate_to_sync_client_buckets_by_order_id":"finished","0009_remove_sync_client_buckets_table":"started"}]
[7520][1562162524103][shared][info]["Migrations: Applying migration","0009_remove_sync_client_buckets_table"]
[7520][1562162524104][shared][info]["Migrations: Upgrading IndexedDB to version","0009_remove_sync_client_buckets_table",6]
[7520][1562162524105][shared][info]["Migrations: Adding pending commit to queue","0009_remove_sync_client_buckets_table"]
[7520][1562162524105][shared][info]["Migrations: Starting migration","0010_add_history_owner"]
[7520][1562162524105][shared][info]["Migrations: Flushing pending migrations for","0010_add_history_owner"]
[7520][1562162524106][shared][info]["Migrations: Flushing pending commit for type","IndexeddbSchemaMigration"]
[7520][1562162524106][shared][info]["Migrations: Committing IndexedDB upgrade"]
[7520][1562162524115][shared][info]["Migrations: Updating status in migration context",{"0000_initial":"finished","0001_add_archived_resources_table":"finished","0002_add_variable_sessions_table":"finished","0003_add_editor_tables":"finished","0004_migrate_ws_session_data":"finished","0005_cleanup_request_response_and_history_body":"finished","0006_add_dbp_to_request_response_and_history":"finished","0007_add_sync_client_buckets_by_order_id_table":"finished","0008_migrate_to_sync_client_buckets_by_order_id":"finished","0009_remove_sync_client_buckets_table":"started"}]
[7520][1562162524116][shared][info]["Migrations: Updated status in migration context",{"0000_initial":"finished","0001_add_archived_resources_table":"finished","0002_add_variable_sessions_table":"finished","0003_add_editor_tables":"finished","0004_migrate_ws_session_data":"finished","0005_cleanup_request_response_and_history_body":"finished","0006_add_dbp_to_request_response_and_history":"finished","0007_add_sync_client_buckets_by_order_id_table":"finished","0008_migrate_to_sync_client_buckets_by_order_id":"finished","0009_remove_sync_client_buckets_table":"finished"}]
[7520][1562162524117][shared][info]["Migrations: Setting context before starting migration","0010_add_history_owner",{"0000_initial":"finished","0001_add_archived_resources_table":"finished","0002_add_variable_sessions_table":"finished","0003_add_editor_tables":"finished","0004_migrate_ws_session_data":"finished","0005_cleanup_request_response_and_history_body":"finished","0006_add_dbp_to_request_response_and_history":"finished","0007_add_sync_client_buckets_by_order_id_table":"finished","0008_migrate_to_sync_client_buckets_by_order_id":"finished","0009_remove_sync_client_buckets_table":"finished","0010_add_history_owner":"started"}]
[7520][1562162524118][shared][info]["Migrations: Applying migration","0010_add_history_owner"]
[7520][1562162524118][shared][info]["Migrations: Processing IndexedDB data migration","0010_add_history_owner"]
[7520][1562162524125][shared][info]["Migrations: Saving migration context after completion","0010_add_history_owner",{"0000_initial":"finished","0001_add_archived_resources_table":"finished","0002_add_variable_sessions_table":"finished","0003_add_editor_tables":"finished","0004_migrate_ws_session_data":"finished","0005_cleanup_request_response_and_history_body":"finished","0006_add_dbp_to_request_response_and_history":"finished","0007_add_sync_client_buckets_by_order_id_table":"finished","0008_migrate_to_sync_client_buckets_by_order_id":"finished","0009_remove_sync_client_buckets_table":"finished","0010_add_history_owner":"started"}]
[7520][1562162524126][shared][info]["Migrations: Starting migration","0011_add_history_response_table"]
[7520][1562162524126][shared][info]["Migrations: Setting context before starting migration","0011_add_history_response_table",{"0000_initial":"finished","0001_add_archived_resources_table":"finished","0002_add_variable_sessions_table":"finished","0003_add_editor_tables":"finished","0004_migrate_ws_session_data":"finished","0005_cleanup_request_response_and_history_body":"finished","0006_add_dbp_to_request_response_and_history":"finished","0007_add_sync_client_buckets_by_order_id_table":"finished","0008_migrate_to_sync_client_buckets_by_order_id":"finished","0009_remove_sync_client_buckets_table":"finished","0010_add_history_owner":"finished","0011_add_history_response_table":"started"}]
[7520][1562162524127][shared][info]["Migrations: Applying migration","0011_add_history_response_table"]
[7520][1562162524127][shared][info]["Migrations: Upgrading IndexedDB to version","0011_add_history_response_table",7]
[7520][1562162524129][shared][info]["Migrations: Adding pending commit to queue","0011_add_history_response_table"]
[7520][1562162524129][shared][info]["Migrations: Starting migration","0012_add_user_data_table"]
[7520][1562162524130][shared][info]["Migrations: Setting context before starting migration","0012_add_user_data_table",{"0000_initial":"finished","0001_add_archived_resources_table":"finished","0002_add_variable_sessions_table":"finished","0003_add_editor_tables":"finished","0004_migrate_ws_session_data":"finished","0005_cleanup_request_response_and_history_body":"finished","0006_add_dbp_to_request_response_and_history":"finished","0007_add_sync_client_buckets_by_order_id_table":"finished","0008_migrate_to_sync_client_buckets_by_order_id":"finished","0009_remove_sync_client_buckets_table":"finished","0010_add_history_owner":"finished","0011_add_history_response_table":"started","0012_add_user_data_table":"started"}]
[7520][1562162524130][shared][info]["Migrations: Applying migration","0012_add_user_data_table"]
[7520][1562162524131][shared][info]["Migrations: Upgrading IndexedDB to version","0012_add_user_data_table",8]
[7520][1562162524132][shared][info]["Migrations: Adding pending commit to queue","0012_add_user_data_table"]
[7520][1562162524132][shared][info]["Migrations: Starting migration","0013_sanitize_request_response_and_history_methods"]
[7520][1562162524133][shared][info]["Migrations: Flushing pending migrations for","0013_sanitize_request_response_and_history_methods"]
[7520][1562162524133][shared][info]["Migrations: Flushing pending commit for type","IndexeddbSchemaMigration"]
[7520][1562162524133][shared][info]["Migrations: Committing IndexedDB upgrade"]
[7520][1562162524138][shared][info]["Migrations: Updating status in migration context",{"0000_initial":"finished","0001_add_archived_resources_table":"finished","0002_add_variable_sessions_table":"finished","0003_add_editor_tables":"finished","0004_migrate_ws_session_data":"finished","0005_cleanup_request_response_and_history_body":"finished","0006_add_dbp_to_request_response_and_history":"finished","0007_add_sync_client_buckets_by_order_id_table":"finished","0008_migrate_to_sync_client_buckets_by_order_id":"finished","0009_remove_sync_client_buckets_table":"finished","0010_add_history_owner":"finished","0011_add_history_response_table":"started","0012_add_user_data_table":"started"}]
[7520][1562162524139][shared][info]["Migrations: Updated status in migration context",{"0000_initial":"finished","0001_add_archived_resources_table":"finished","0002_add_variable_sessions_table":"finished","0003_add_editor_tables":"finished","0004_migrate_ws_session_data":"finished","0005_cleanup_request_response_and_history_body":"finished","0006_add_dbp_to_request_response_and_history":"finished","0007_add_sync_client_buckets_by_order_id_table":"finished","0008_migrate_to_sync_client_buckets_by_order_id":"finished","0009_remove_sync_client_buckets_table":"finished","0010_add_history_owner":"finished","0011_add_history_response_table":"finished","0012_add_user_data_table":"finished"}]
[7520][1562162524139][shared][info]["Migrations: Setting context before starting migration","0013_sanitize_request_response_and_history_methods",{"0000_initial":"finished","0001_add_archived_resources_table":"finished","0002_add_variable_sessions_table":"finished","0003_add_editor_tables":"finished","0004_migrate_ws_session_data":"finished","0005_cleanup_request_response_and_history_body":"finished","0006_add_dbp_to_request_response_and_history":"finished","0007_add_sync_client_buckets_by_order_id_table":"finished","0008_migrate_to_sync_client_buckets_by_order_id":"finished","0009_remove_sync_client_buckets_table":"finished","0010_add_history_owner":"finished","0011_add_history_response_table":"finished","0012_add_user_data_table":"finished","0013_sanitize_request_response_and_history_methods":"started"}]
[7520][1562162524140][shared][info]["Migrations: Applying migration","0013_sanitize_request_response_and_history_methods"]
[7520][1562162524141][shared][info]["Migrations: Processing IndexedDB data migration","0013_sanitize_request_response_and_history_methods"]
[7520][1562162524144][shared][info]["Migrations: Saving migration context after completion","0013_sanitize_request_response_and_history_methods",{"0000_initial":"finished","0001_add_archived_resources_table":"finished","0002_add_variable_sessions_table":"finished","0003_add_editor_tables":"finished","0004_migrate_ws_session_data":"finished","0005_cleanup_request_response_and_history_body":"finished","0006_add_dbp_to_request_response_and_history":"finished","0007_add_sync_client_buckets_by_order_id_table":"finished","0008_migrate_to_sync_client_buckets_by_order_id":"finished","0009_remove_sync_client_buckets_table":"finished","0010_add_history_owner":"finished","0011_add_history_response_table":"finished","0012_add_user_data_table":"finished","0013_sanitize_request_response_and_history_methods":"started"}]
[7520][1562162524145][shared][info]["Migrations: Starting migration","0014_sanitize_response_requestobject_rawmodedata"]
[7520][1562162524145][shared][info]["Migrations: Flushing pending migrations for","0014_sanitize_response_requestobject_rawmodedata"]
[7520][1562162524146][shared][info]["Migrations: Updating status in migration context",{"0000_initial":"finished","0001_add_archived_resources_table":"finished","0002_add_variable_sessions_table":"finished","0003_add_editor_tables":"finished","0004_migrate_ws_session_data":"finished","0005_cleanup_request_response_and_history_body":"finished","0006_add_dbp_to_request_response_and_history":"finished","0007_add_sync_client_buckets_by_order_id_table":"finished","0008_migrate_to_sync_client_buckets_by_order_id":"finished","0009_remove_sync_client_buckets_table":"finished","0010_add_history_owner":"finished","0011_add_history_response_table":"finished","0012_add_user_data_table":"finished","0013_sanitize_request_response_and_history_methods":"finished"}]
[7520][1562162524147][shared][info]["Migrations: Updated status in migration context",{"0000_initial":"finished","0001_add_archived_resources_table":"finished","0002_add_variable_sessions_table":"finished","0003_add_editor_tables":"finished","0004_migrate_ws_session_data":"finished","0005_cleanup_request_response_and_history_body":"finished","0006_add_dbp_to_request_response_and_history":"finished","0007_add_sync_client_buckets_by_order_id_table":"finished","0008_migrate_to_sync_client_buckets_by_order_id":"finished","0009_remove_sync_client_buckets_table":"finished","0010_add_history_owner":"finished","0011_add_history_response_table":"finished","0012_add_user_data_table":"finished","0013_sanitize_request_response_and_history_methods":"finished"}]
[7520][1562162524148][shared][info]["Migrations: Setting context before starting migration","0014_sanitize_response_requestobject_rawmodedata",{"0000_initial":"finished","0001_add_archived_resources_table":"finished","0002_add_variable_sessions_table":"finished","0003_add_editor_tables":"finished","0004_migrate_ws_session_data":"finished","0005_cleanup_request_response_and_history_body":"finished","0006_add_dbp_to_request_response_and_history":"finished","0007_add_sync_client_buckets_by_order_id_table":"finished","0008_migrate_to_sync_client_buckets_by_order_id":"finished","0009_remove_sync_client_buckets_table":"finished","0010_add_history_owner":"finished","0011_add_history_response_table":"finished","0012_add_user_data_table":"finished","0013_sanitize_request_response_and_history_methods":"finished","0014_sanitize_response_requestobject_rawmodedata":"started"}]
[7520][1562162524149][shared][info]["Migrations: Applying migration","0014_sanitize_response_requestobject_rawmodedata"]
[7520][1562162524149][shared][info]["Migrations: Processing IndexedDB data migration","0014_sanitize_response_requestobject_rawmodedata"]
[7520][1562162524151][shared][info]["Migrations: Saving migration context after completion","0014_sanitize_response_requestobject_rawmodedata",{"0000_initial":"finished","0001_add_archived_resources_table":"finished","0002_add_variable_sessions_table":"finished","0003_add_editor_tables":"finished","0004_migrate_ws_session_data":"finished","0005_cleanup_request_response_and_history_body":"finished","0006_add_dbp_to_request_response_and_history":"finished","0007_add_sync_client_buckets_by_order_id_table":"finished","0008_migrate_to_sync_client_buckets_by_order_id":"finished","0009_remove_sync_client_buckets_table":"finished","0010_add_history_owner":"finished","0011_add_history_response_table":"finished","0012_add_user_data_table":"finished","0013_sanitize_request_response_and_history_methods":"finished","0014_sanitize_response_requestobject_rawmodedata":"started"}]
[7520][1562162524153][shared][info]["Migrations: Flushing pending commit steps"]
[7520][1562162524153][shared][info]["Migrations: Updating status in migration context",{"0000_initial":"finished","0001_add_archived_resources_table":"finished","0002_add_variable_sessions_table":"finished","0003_add_editor_tables":"finished","0004_migrate_ws_session_data":"finished","0005_cleanup_request_response_and_history_body":"finished","0006_add_dbp_to_request_response_and_history":"finished","0007_add_sync_client_buckets_by_order_id_table":"finished","0008_migrate_to_sync_client_buckets_by_order_id":"finished","0009_remove_sync_client_buckets_table":"finished","0010_add_history_owner":"finished","0011_add_history_response_table":"finished","0012_add_user_data_table":"finished","0013_sanitize_request_response_and_history_methods":"finished","0014_sanitize_response_requestobject_rawmodedata":"finished"}]
[7520][1562162524154][shared][info]["Migrations: Updated status in migration context",{"0000_initial":"finished","0001_add_archived_resources_table":"finished","0002_add_variable_sessions_table":"finished","0003_add_editor_tables":"finished","0004_migrate_ws_session_data":"finished","0005_cleanup_request_response_and_history_body":"finished","0006_add_dbp_to_request_response_and_history":"finished","0007_add_sync_client_buckets_by_order_id_table":"finished","0008_migrate_to_sync_client_buckets_by_order_id":"finished","0009_remove_sync_client_buckets_table":"finished","0010_add_history_owner":"finished","0011_add_history_response_table":"finished","0012_add_user_data_table":"finished","0013_sanitize_request_response_and_history_methods":"finished","0014_sanitize_response_requestobject_rawmodedata":"finished"}]
[7520][1562162524155][shared][info]["Migration: Finished all migrations"]
[7520][1562162524272][shared][info]["bootstrapModels - Success"]
[7520][1562162524272][shared][info]["WLModels\\x7eboot - Success"]
[7520][1562162524306][shared][info]["initializeConfigurationsValues - Success"]
[7520][1562162524312][shared][info]["Migrate - Bailed out due to:","FRESH_INSTALL"]
[7520][1562162524323][shared][info]["AppModels\\x7eboot - Success"]
[7520][1562162524327][shared][info]["SharedRuntimeListeners\\x7eboot - Success"]
[7520][1562162524334][shared][info]["Sync\\x7eboot - Success"]
[7520][1562162524335][shared][info]["Shared\\x7eboot - Success"]
[7520][1562162524335][shared][info]["booted - shared"]
