[7520][1562162525896][requester][info]["EventBus\\x7einitialize - Success"]
[7520][1562162525899][requester][info]["Messaging\\x7eboot - Success"]
[7520][1562162525905][requester][info]["Telemetry\\x7eboot - Success"]
[7520][1562162525907][requester][info]["bootConfigurations\\x7einitialize - Success"]
[7520][1562162525908][requester][info]["Settings\\x7eboot - Success"]
[7520][1562162525985][requester][info]["bootstrapModels - Success"]
[7520][1562162525985][requester][info]["WLModels\\x7eboot - Success"]
[7520][1562162526125][requester][info]["Session\\x7eboot - Success"]
[7520][1562162526130][requester][info]["IndependentServices\\x7eboot - Success"]
[7520][1562162526141][requester][info]["AppModels\\x7eboot - Success"]
[7520][1562162526141][requester][info]["RuntimeListeners\\x7eboot- Success"]
[7520][1562162526142][requester][info]["DBWatcher\\x7eboot - Success"]
[7520][1562162526155][requester][info]["ThemeManager\\x7eboot - Success"]
[7520][1562162526157][requester][info]["InAppMessaging\\x7eboot - Success"]
[7520][1562162526159][requester][info]["Store\\x7eboot - Success"]
[7520][1562162526161][requester][info]["Shortcuts\\x7eboot - Success"]
[7520][1562162526162][requester][info]["SyncProxy\\x7eboot - Success"]
[7520][1562162526171][requester][info]["Updater bailed! Running on Snap!"]
[7520][1562162526172][requester][info]["Requester\\x7eboot - Success"]
[7520][1562162526172][requester][info]["booted - requester"]
